[INFO ] 2024-10-10 15:57:24.390 [main] LoggerLoad - Loading Config file
[INFO ] 2024-10-10 15:57:24.392 [main] LoggerLoad - Get Browser Type from Properties
[INFO ] 2024-10-10 15:57:28.764 [main] LoggerLoad - Intializingchromedriver
[INFO ] 2024-10-10 15:57:29.217 [main] LoggerLoad - -----DSAlgo Portal-----
[INFO ] 2024-10-10 15:57:29.470 [main] LoggerLoad - -----Click on get Started button----
[INFO ] 2024-10-10 15:57:29.886 [main] LoggerLoad - ----User is onNumpyNinjaPage----
[INFO ] 2024-10-10 15:57:30.002 [main] LoggerLoad - -----User Clicks on Dropdown Before Sign in-----
[INFO ] 2024-10-10 15:57:30.107 [main] LoggerLoad - User click on Arrays
[INFO ] 2024-10-10 15:57:30.391 [main] LoggerLoad - The actual Message:You are not logged in
[INFO ] 2024-10-10 15:57:30.420 [main] LoggerLoad - -----User Clicks on Dropdown Before Sign in-----
[INFO ] 2024-10-10 15:57:30.498 [main] LoggerLoad - User click on Linked List
[INFO ] 2024-10-10 15:57:30.769 [main] LoggerLoad - The actual Message:You are not logged in
[INFO ] 2024-10-10 15:57:30.801 [main] LoggerLoad - -----User Clicks on Dropdown Before Sign in-----
[INFO ] 2024-10-10 15:57:30.876 [main] LoggerLoad - User click on Stack
[INFO ] 2024-10-10 15:57:31.152 [main] LoggerLoad - The actual Message:You are not logged in
[INFO ] 2024-10-10 15:57:31.170 [main] LoggerLoad - -----User Clicks on Dropdown Before Sign in-----
[INFO ] 2024-10-10 15:57:31.240 [main] LoggerLoad - User click on Queue
[INFO ] 2024-10-10 15:57:31.482 [main] LoggerLoad - The actual Message:You are not logged in
[INFO ] 2024-10-10 15:57:31.493 [main] LoggerLoad - -----User Clicks on Dropdown Before Sign in-----
[INFO ] 2024-10-10 15:57:31.546 [main] LoggerLoad - User click on Tree
[INFO ] 2024-10-10 15:57:31.761 [main] LoggerLoad - The actual Message:You are not logged in
[INFO ] 2024-10-10 15:57:31.779 [main] LoggerLoad - -----User Clicks on Dropdown Before Sign in-----
[INFO ] 2024-10-10 15:57:31.834 [main] LoggerLoad - User click on Graph
[INFO ] 2024-10-10 15:57:32.061 [main] LoggerLoad - The actual Message:You are not logged in
[INFO ] 2024-10-10 15:57:32.098 [main] LoggerLoad - click Get Startedlink on  DataStructures 
[INFO ] 2024-10-10 15:57:32.273 [main] LoggerLoad - User Clicks on Get Started link before Sign in
[INFO ] 2024-10-10 15:57:32.294 [main] LoggerLoad - The actual Message:You are not logged in
[INFO ] 2024-10-10 15:57:32.327 [main] LoggerLoad - click Get Startedlink on Array 
[INFO ] 2024-10-10 15:57:32.471 [main] LoggerLoad - User Clicks on Get Started link before Sign in
[INFO ] 2024-10-10 15:57:32.489 [main] LoggerLoad - The actual Message:You are not logged in
[INFO ] 2024-10-10 15:57:32.517 [main] LoggerLoad - click Get Startedlink on LinkedList
[INFO ] 2024-10-10 15:57:32.672 [main] LoggerLoad - User Clicks on Get Started link before Sign in
[INFO ] 2024-10-10 15:57:32.696 [main] LoggerLoad - The actual Message:You are not logged in
[INFO ] 2024-10-10 15:57:32.726 [main] LoggerLoad - click Get Startedlink on stack
[INFO ] 2024-10-10 15:57:32.856 [main] LoggerLoad - User Clicks on Get Started link before Sign in
[INFO ] 2024-10-10 15:57:32.874 [main] LoggerLoad - The actual Message:You are not logged in
[INFO ] 2024-10-10 15:57:32.904 [main] LoggerLoad - click Get Startedlink on queue 
[INFO ] 2024-10-10 15:57:33.057 [main] LoggerLoad - User Clicks on Get Started link before Sign in
[INFO ] 2024-10-10 15:57:33.080 [main] LoggerLoad - The actual Message:You are not logged in
[INFO ] 2024-10-10 15:57:33.121 [main] LoggerLoad - click Get Startedlink on Tree 
[INFO ] 2024-10-10 15:57:33.303 [main] LoggerLoad - User Clicks on Get Started link before Sign in
[INFO ] 2024-10-10 15:57:33.332 [main] LoggerLoad - The actual Message:You are not logged in
[INFO ] 2024-10-10 15:57:33.366 [main] LoggerLoad - click Get Startedlink on Graph 
[INFO ] 2024-10-10 15:57:33.530 [main] LoggerLoad - User Clicks on Get Started link before Sign in
[INFO ] 2024-10-10 15:57:33.591 [main] LoggerLoad - The actual Message:You are not logged in
[INFO ] 2024-10-10 15:57:33.661 [main] LoggerLoad - ---User Clicks on Sign In link----
[INFO ] 2024-10-10 15:57:33.886 [main] LoggerLoad - User redirected to Login page 
[INFO ] 2024-10-10 15:57:33.891 [main] LoggerLoad - Title of current page is : Login
[INFO ] 2024-10-10 15:57:33.928 [main] LoggerLoad - ----User Clicks on Register link---
[INFO ] 2024-10-10 15:57:34.085 [main] LoggerLoad - User redirected to Registraion page 
[INFO ] 2024-10-10 15:57:34.104 [main] LoggerLoad - Title of current page is : Registration
[INFO ] 2024-10-10 15:57:34.179 [main] LoggerLoad - User is on Register Page
[INFO ] 2024-10-10 15:57:34.262 [main] LoggerLoad - Click Register Button
[INFO ] 2024-10-10 15:57:34.327 [main] LoggerLoad - verify the warn message
[WARN ] 2024-10-10 15:57:34.374 [main] LoggerLoad - Please fill out this field.
[INFO ] 2024-10-10 15:57:34.414 [main] LoggerLoad - User is on Register Page
[INFO ] 2024-10-10 15:57:34.481 [main] LoggerLoad - Enter User Name
[INFO ] 2024-10-10 15:57:34.701 [main] LoggerLoad - Click Register Button
[INFO ] 2024-10-10 15:57:34.758 [main] LoggerLoad - verify the warn message
[WARN ] 2024-10-10 15:57:34.790 [main] LoggerLoad - Please fill out this field.
[INFO ] 2024-10-10 15:57:34.835 [main] LoggerLoad - User is on Register Page
[INFO ] 2024-10-10 15:57:34.926 [main] LoggerLoad - Enter User Name
[INFO ] 2024-10-10 15:57:35.140 [main] LoggerLoad - Enter password
[INFO ] 2024-10-10 15:57:35.339 [main] LoggerLoad - Click Register Button
[INFO ] 2024-10-10 15:57:35.412 [main] LoggerLoad - verify the warn message
[WARN ] 2024-10-10 15:57:35.472 [main] LoggerLoad - Please fill out this field.
[INFO ] 2024-10-10 15:57:35.510 [main] LoggerLoad - User is on Register Page
[INFO ] 2024-10-10 15:57:35.834 [main] LoggerLoad - Enter User Name
[INFO ] 2024-10-10 15:57:35.970 [main] LoggerLoad - Enter password
[INFO ] 2024-10-10 15:57:36.201 [main] LoggerLoad - Enter confirm password
[INFO ] 2024-10-10 15:57:36.627 [main] LoggerLoad - Click Register Button
[INFO ] 2024-10-10 15:57:36.809 [main] LoggerLoad - verify the error message
[WARN ] 2024-10-10 15:57:36.848 [main] LoggerLoad - password_mismatch:The two password fields didn’t match.
[INFO ] 2024-10-10 15:57:36.883 [main] LoggerLoad - User is on Register Page
[INFO ] 2024-10-10 15:57:36.971 [main] LoggerLoad - Enter User Name
[INFO ] 2024-10-10 15:57:37.201 [main] LoggerLoad - Enter password
[INFO ] 2024-10-10 15:57:37.464 [main] LoggerLoad - Enter confirm password
[INFO ] 2024-10-10 15:57:37.714 [main] LoggerLoad - Click Register Button
[INFO ] 2024-10-10 15:57:37.860 [main] LoggerLoad - verify the error message
[WARN ] 2024-10-10 15:57:37.896 [main] LoggerLoad - password_mismatch:The two password fields didn’t match.
[INFO ] 2024-10-10 15:57:37.920 [main] LoggerLoad - User is on Register Page
[INFO ] 2024-10-10 15:57:38.005 [main] LoggerLoad - Enter User Name
[INFO ] 2024-10-10 15:57:38.240 [main] LoggerLoad - Enter password
[INFO ] 2024-10-10 15:57:38.429 [main] LoggerLoad - Enter confirm password
[INFO ] 2024-10-10 15:57:38.706 [main] LoggerLoad - Click Register Button
[INFO ] 2024-10-10 15:57:38.868 [main] LoggerLoad - verify the error message
[WARN ] 2024-10-10 15:57:38.900 [main] LoggerLoad - password_mismatch:The two password fields didn’t match.
[INFO ] 2024-10-10 15:57:38.921 [main] LoggerLoad - User is on Register Page
[INFO ] 2024-10-10 15:57:38.996 [main] LoggerLoad - Enter User Name
[INFO ] 2024-10-10 15:57:39.346 [main] LoggerLoad - Enter password
[INFO ] 2024-10-10 15:57:39.706 [main] LoggerLoad - Enter confirm password
[INFO ] 2024-10-10 15:57:40.058 [main] LoggerLoad - Click Register Button
[INFO ] 2024-10-10 15:57:40.228 [main] LoggerLoad - verify the error message
[WARN ] 2024-10-10 15:57:40.342 [main] LoggerLoad - password_mismatch:The two password fields didn’t match.
[INFO ] 2024-10-10 15:57:40.387 [main] LoggerLoad - User is on Register Page
[INFO ] 2024-10-10 15:57:42.517 [main] LoggerLoad - User Enter username as " ninjatesters "and Password as " Team104" Confirm password as" Team104
[INFO ] 2024-10-10 15:57:42.517 [main] LoggerLoad - Enter User Name
[INFO ] 2024-10-10 15:57:42.844 [main] LoggerLoad - Enter password
[INFO ] 2024-10-10 15:57:43.144 [main] LoggerLoad - Enter confirm password
[INFO ] 2024-10-10 15:57:43.636 [main] LoggerLoad - Click Register Button
[INFO ] 2024-10-10 15:57:44.029 [main] LoggerLoad - verify the error message
[WARN ] 2024-10-10 15:57:44.181 [main] LoggerLoad - password_mismatch:The two password fields didn’t match.
[INFO ] 2024-10-10 15:57:44.326 [main] LoggerLoad - User is on Register Page
[INFO ] 2024-10-10 15:57:44.737 [main] LoggerLoad - User Enter username as " ninjatesters "and Password as " team104103" Confirm password as" team10103
[INFO ] 2024-10-10 15:57:44.737 [main] LoggerLoad - Enter User Name
[INFO ] 2024-10-10 15:57:45.229 [main] LoggerLoad - Enter password
[INFO ] 2024-10-10 15:57:45.623 [main] LoggerLoad - Enter confirm password
[INFO ] 2024-10-10 15:57:45.983 [main] LoggerLoad - Click Register Button
[INFO ] 2024-10-10 15:57:46.097 [main] LoggerLoad - verify the error message
[WARN ] 2024-10-10 15:57:46.202 [main] LoggerLoad - password_mismatch:The two password fields didn’t match.
[INFO ] 2024-10-10 15:57:46.412 [main] LoggerLoad - User is on Register Page
[INFO ] 2024-10-10 15:57:46.774 [main] LoggerLoad - User Enter username as " Numpy "and Password as " 123456789" Confirm password as" 123456789
[INFO ] 2024-10-10 15:57:46.775 [main] LoggerLoad - Enter User Name
[INFO ] 2024-10-10 15:57:47.195 [main] LoggerLoad - Enter password
[INFO ] 2024-10-10 15:57:47.521 [main] LoggerLoad - Enter confirm password
[INFO ] 2024-10-10 15:57:47.916 [main] LoggerLoad - Click Register Button
[INFO ] 2024-10-10 15:57:48.201 [main] LoggerLoad - verify the error message
[WARN ] 2024-10-10 15:57:48.236 [main] LoggerLoad - password_mismatch:The two password fields didn’t match.
[INFO ] 2024-10-10 15:57:48.283 [main] LoggerLoad - User is on Register Page
[INFO ] 2024-10-10 15:57:48.590 [main] LoggerLoad - User Enter username as " numpy "and Password as " ninja10" Confirm password as" ninja10
[INFO ] 2024-10-10 15:57:48.591 [main] LoggerLoad - Enter User Name
[INFO ] 2024-10-10 15:57:48.926 [main] LoggerLoad - Enter password
[INFO ] 2024-10-10 15:57:49.255 [main] LoggerLoad - Enter confirm password
[INFO ] 2024-10-10 15:57:49.513 [main] LoggerLoad - Click Register Button
[INFO ] 2024-10-10 15:57:49.637 [main] LoggerLoad - verify the error message
[WARN ] 2024-10-10 15:57:49.704 [main] LoggerLoad - password_mismatch:The two password fields didn’t match.
[INFO ] 2024-10-10 15:57:49.735 [main] LoggerLoad - User is on Register Page
[INFO ] 2024-10-10 15:57:49.990 [main] LoggerLoad - User Enter username as " kodetesters "and Password as " numpyninja24" Confirm password as" numpyninja24
[INFO ] 2024-10-10 15:57:49.990 [main] LoggerLoad - Enter User Name
[INFO ] 2024-10-10 15:57:50.266 [main] LoggerLoad - Enter password
[INFO ] 2024-10-10 15:57:50.546 [main] LoggerLoad - Enter confirm password
[INFO ] 2024-10-10 15:57:50.836 [main] LoggerLoad - Click Register Button
[INFO ] 2024-10-10 15:57:50.985 [main] LoggerLoad - verify the error message
[WARN ] 2024-10-10 15:57:51.082 [main] LoggerLoad - password_mismatch:The two password fields didn’t match.
[INFO ] 2024-10-10 15:57:51.133 [main] LoggerLoad - ------User is On Sign in page------
[INFO ] 2024-10-10 15:57:51.278 [main] LoggerLoad - ----User Clicks on Register Link-----
[INFO ] 2024-10-10 15:57:51.669 [main] LoggerLoad - ----User redirected to Page----Registration
[INFO ] 2024-10-10 15:57:51.765 [main] LoggerLoad - ------User is On Sign in page------
[INFO ] 2024-10-10 15:57:51.891 [main] LoggerLoad - User is Clicking login button with empty fields
[INFO ] 2024-10-10 15:57:52.175 [main] LoggerLoad - ------User is On Sign in page------
[INFO ] 2024-10-10 15:57:52.313 [main] LoggerLoad - --User Enters Only the User name--
[INFO ] 2024-10-10 15:57:52.516 [main] LoggerLoad - ----User can seePlease fill out this field.-----
[INFO ] 2024-10-10 15:57:52.564 [main] LoggerLoad - ------User is On Sign in page------
[INFO ] 2024-10-10 15:57:52.710 [main] LoggerLoad - User Enters Only Password
[INFO ] 2024-10-10 15:57:52.865 [main] LoggerLoad - User can seePlease fill out this field.
[INFO ] 2024-10-10 15:57:52.891 [main] LoggerLoad - ------User is On Sign in page------
[INFO ] 2024-10-10 15:57:53.320 [main] LoggerLoad - -----User Clicks on Login button-----
[INFO ] 2024-10-10 15:57:53.683 [main] LoggerLoad - The actual Alert is:Invalid Username and Password
[INFO ] 2024-10-10 15:57:53.746 [main] LoggerLoad - ------User is On Sign in page------
[INFO ] 2024-10-10 15:57:54.033 [main] LoggerLoad - User Enter username as " kodetesters "and Password as " numpyninja24" 
[INFO ] 2024-10-10 15:57:59.745 [main] LoggerLoad - Closing Driver
